<?xml version="1.0" encoding="UTF-8"?>
<coverage generated="1652996807460" clover="3.2.0">
  <project timestamp="1652996807460" name="All files">
    <metrics statements="8" coveredstatements="8" conditionals="3" coveredconditionals="2" methods="4" coveredmethods="4" elements="15" coveredelements="14" complexity="0" loc="8" ncloc="8" packages="1" files="1" classes="1"/>
    <file name="cpf.ts" path="/home/hausen/3778/talk-unit-test/test-typescript/src/cpf.ts">
      <metrics statements="8" coveredstatements="8" conditionals="3" coveredconditionals="2" methods="4" coveredmethods="4"/>
      <line num="7" count="3" type="stmt"/>
      <line num="8" count="3" type="cond" truecount="0" falsecount="1"/>
      <line num="9" count="33" type="stmt"/>
      <line num="10" count="3" type="stmt"/>
      <line num="11" count="6" type="stmt"/>
      <line num="13" count="57" type="stmt"/>
      <line num="17" count="3" type="cond" truecount="2" falsecount="0"/>
      <line num="20" count="1" type="stmt"/>
    </file>
  </project>
</coverage>
