{"/home/hausen/3778/talk-unit-test/test-typescript/src/cpf.ts": {"path":"/home/hausen/3778/talk-unit-test/test-typescript/src/cpf.ts","statementMap":{"0":{"start":{"line":7,"column":2},"end":{"line":7,"column":31}},"1":{"start":{"line":8,"column":2},"end":{"line":8,"column":38}},"2":{"start":{"line":8,"column":25},"end":{"line":8,"column":38}},"3":{"start":{"line":9,"column":30},"end":{"line":9,"column":64}},"4":{"start":{"line":9,"column":58},"end":{"line":9,"column":63}},"5":{"start":{"line":10,"column":15},"end":{"line":16,"column":6}},"6":{"start":{"line":11,"column":4},"end":{"line":16,"column":6}},"7":{"start":{"line":13,"column":37},"end":{"line":13,"column":66}},"8":{"start":{"line":17,"column":2},"end":{"line":17,"column":65}},"9":{"start":{"line":20,"column":9},"end":{"line":20,"column":19}}},"fnMap":{"0":{"name":"isValidCPF","decl":{"start":{"line":6,"column":9},"end":{"line":6,"column":19}},"loc":{"start":{"line":6,"column":31},"end":{"line":18,"column":1}}},"1":{"name":"(anonymous_1)","decl":{"start":{"line":9,"column":48},"end":{"line":9,"column":49}},"loc":{"start":{"line":9,"column":58},"end":{"line":9,"column":63}}},"2":{"name":"(anonymous_2)","decl":{"start":{"line":10,"column":15},"end":{"line":10,"column":16}},"loc":{"start":{"line":11,"column":4},"end":{"line":16,"column":6}}},"3":{"name":"(anonymous_3)","decl":{"start":{"line":13,"column":14},"end":{"line":13,"column":15}},"loc":{"start":{"line":13,"column":37},"end":{"line":13,"column":66}}}},"branchMap":{"0":{"loc":{"start":{"line":8,"column":2},"end":{"line":8,"column":38}},"type":"if","locations":[{"start":{"line":8,"column":2},"end":{"line":8,"column":38}}]},"1":{"loc":{"start":{"line":17,"column":9},"end":{"line":17,"column":64}},"type":"binary-expr","locations":[{"start":{"line":17,"column":9},"end":{"line":17,"column":34}},{"start":{"line":17,"column":38},"end":{"line":17,"column":64}}]}},"s":{"0":3,"1":3,"2":0,"3":3,"4":33,"5":3,"6":6,"7":57,"8":3,"9":1},"f":{"0":3,"1":33,"2":6,"3":57},"b":{"0":[0],"1":[3,3]}}
}
